<?xml version="1.0" encoding="UTF-8"?>
<!-- Generated by org.testng.reporters.JUnitReportReporter -->
<testsuite hostname="tasmiyahs-MacBook-Pro.local" name="tests.TestSigninFeature" tests="6" failures="0" timestamp="4 Apr 2017 01:23:23 GMT" time="11.610" errors="0">
  <testcase name="testValidEmailAndValidPassword" time="3.404" classname="tests.TestSigninFeature"/>
  <testcase name="testWithEmptyEmailAndValidPassword" time="1.411" classname="tests.TestSigninFeature"/>
  <testcase name="testWithValidEmailAndEmptyPassword" time="2.497" classname="tests.TestSigninFeature"/>
  <testcase name="testWithValidEmailAndInvalidPassword" time="1.402" classname="tests.TestSigninFeature"/>
  <testcase name="testWithInValidEmailAndInvalidPassword" time="1.421" classname="tests.TestSigninFeature"/>
  <testcase name="testWithEmptyEmailAndEmptyPassword" time="1.475" classname="tests.TestSigninFeature"/>
</testsuite> <!-- tests.TestSigninFeature -->
