<?xml version="1.0" encoding="UTF-8"?>
<!-- Generated by org.testng.reporters.JUnitReportReporter -->
<testsuite hostname="tasmiyahs-MacBook-Pro.local" name="tests.TestSigninFeature" tests="6" failures="0" timestamp="4 Apr 2017 02:31:49 GMT" time="14.762" errors="0">
  <testcase name="testValidEmailAndValidPassword" time="5.141" classname="tests.TestSigninFeature"/>
  <testcase name="testWithEmptyEmailAndValidPassword" time="1.779" classname="tests.TestSigninFeature"/>
  <testcase name="testWithInValidEmailAndInvalidPassword" time="1.528" classname="tests.TestSigninFeature"/>
  <testcase name="testWithValidEmailAndInvalidPassword" time="1.689" classname="tests.TestSigninFeature"/>
  <testcase name="testWithEmptyEmailAndEmptyPassword" time="3.022" classname="tests.TestSigninFeature"/>
  <testcase name="testWithValidEmailAndEmptyPassword" time="1.603" classname="tests.TestSigninFeature"/>
</testsuite> <!-- tests.TestSigninFeature -->
