<?xml version="1.0" encoding="UTF-8"?>
<!-- Generated by org.testng.reporters.JUnitReportReporter -->
<testsuite hostname="tasmiyahs-MBP.domain.actdsltmp" name="tests.TestSigninPage" tests="1" failures="0" timestamp="1 Apr 2017 20:35:57 GMT" time="5.211" errors="0">
  <testcase name="testValidEmailAndValidPassword" time="5.211" classname="tests.TestSigninPage"/>
</testsuite> <!-- tests.TestSigninPage -->
